==20934== Memcheck, a memory error detector
==20934== Copyright (C) 2002-2022, and GNU GPL'd, by Julian Seward et al.
==20934== Using Valgrind-3.19.0 and LibVEX; rerun with -h for copyright info
==20934== Command: bin/xacto -p 9999
==20934== Parent PID: 20903
==20934== 
==20934== 
==20934== FILE DESCRIPTORS: 7 open (3 std) at exit.
==20934== Open file descriptor 13: /dev/shm/bxf_arena_20901 (deleted)
==20934==    <inherited from parent>
==20934== 
==20934== Open file descriptor 12: /dev/shm/bxf_arena_20901 (deleted)
==20934==    <inherited from parent>
==20934== 
==20934== Open file descriptor 4:
==20934==    <inherited from parent>
==20934== 
==20934== Open file descriptor 3: /home/pp/kpparekh/hw5/valgrind.out
==20934==    <inherited from parent>
==20934== 
==20934== 
==20934== HEAP SUMMARY:
==20934==     in use at exit: 0 bytes in 0 blocks
==20934==   total heap usage: 232 allocs, 232 frees, 65,614 bytes allocated
==20934== 
==20934== All heap blocks were freed -- no leaks are possible
==20934== 
==20934== For lists of detected and suppressed errors, rerun with: -s
==20934== ERROR SUMMARY: 0 errors from 0 contexts (suppressed: 0 from 0)
